<?xml version="1.0" encoding="UTF-8"?>
<testsuite xmlns:xsi="http://www.w3.org/2001/XMLSchema-instance" xsi:noNamespaceSchemaLocation="https://maven.apache.org/surefire/maven-surefire-plugin/xsd/surefire-test-report.xsd" name="org.keycloak.authentication.authenticators.x509.SubjectAltNameIdentityExtractorTest" time="0.026" tests="2" errors="0" skipped="0" failures="0">
  <properties>
[...]
</properties>
  <testcase name="testX509SubjectAltName_email" classname="org.keycloak.authentication.authenticators.x509.SubjectAltNameIdentityExtractorTest" time="0.008"/>
  <testcase name="testX509SubjectAltName_otherName" classname="org.keycloak.authentication.authenticators.x509.SubjectAltNameIdentityExtractorTest" time="0.017"/>
</testsuite>