<?xml version="1.0" encoding="UTF-8"?>
<testsuite xmlns:xsi="http://www.w3.org/2001/XMLSchema-instance" xsi:noNamespaceSchemaLocation="https://maven.apache.org/surefire/maven-surefire-plugin/xsd/surefire-test-report.xsd" name="org.keycloak.test.broker.oidc.AbstractOAuth2IdentityProviderTest" time="0.008" tests="9" errors="0" skipped="0" failures="0">
  <properties>
[...]
</properties>
  <testcase name="getFederatedIdentity_responseJSON_nullTokenField" classname="org.keycloak.test.broker.oidc.AbstractOAuth2IdentityProviderTest" time="0"/>
  <testcase name="getFederatedIdentity_responseJSON_invalidFormat" classname="org.keycloak.test.broker.oidc.AbstractOAuth2IdentityProviderTest" time="0"/>
  <testcase name="getFederatedIdentity_responseUrlLine_tokenNotFound" classname="org.keycloak.test.broker.oidc.AbstractOAuth2IdentityProviderTest" time="0"/>
  <testcase name="getFederatedIdentity_responseJSON" classname="org.keycloak.test.broker.oidc.AbstractOAuth2IdentityProviderTest" time="0"/>
  <testcase name="getJsonProperty_asJsonNode" classname="org.keycloak.test.broker.oidc.AbstractOAuth2IdentityProviderTest" time="0.001"/>
  <testcase name="constructor_defaultScopeHandling" classname="org.keycloak.test.broker.oidc.AbstractOAuth2IdentityProviderTest" time="0"/>
  <testcase name="getFederatedIdentity_responseJSON_tokenNotFound" classname="org.keycloak.test.broker.oidc.AbstractOAuth2IdentityProviderTest" time="0"/>
  <testcase name="getFederatedIdentity_responseUrlLine" classname="org.keycloak.test.broker.oidc.AbstractOAuth2IdentityProviderTest" time="0"/>
  <testcase name="getFederatedIdentity_responseJSON_emptyTokenField" classname="org.keycloak.test.broker.oidc.AbstractOAuth2IdentityProviderTest" time="0.001"/>
</testsuite>